[2025-04-04 19:02:55,098 | TRACE] int main(int, char**)(L23)  logger
[2025-04-04 19:02:55,098 | INFO] int main(int, char**)(L25) logger test
[2025-04-04 19:02:55,098 | WARNING] int main(int, char**)(L26) logger test
[2025-04-04 19:02:55,098 | ERROR] int main(int, char**)(L27) logger test
[2025-04-04 19:02:55,632 | INFO] void HomeWindow::resizeUI()(L189) width: 1040
[2025-04-04 19:05:17,263 | TRACE] int main(int, char**)(L23)  logger
[2025-04-04 19:05:17,263 | INFO] int main(int, char**)(L25) logger test
[2025-04-04 19:05:17,263 | WARNING] int main(int, char**)(L26) logger test
[2025-04-04 19:05:17,263 | ERROR] int main(int, char**)(L27) logger test
[2025-04-04 19:05:17,580 | INFO] void HomeWindow::resizeUI()(L189) width: 1040
[2025-04-04 19:05:34,092 | TRACE] int main(int, char**)(L23)  logger
[2025-04-04 19:05:34,092 | INFO] int main(int, char**)(L25) logger test
[2025-04-04 19:05:34,092 | WARNING] int main(int, char**)(L26) logger test
[2025-04-04 19:05:34,092 | ERROR] int main(int, char**)(L27) logger test
[2025-04-04 19:05:34,374 | INFO] void HomeWindow::resizeUI()(L189) width: 1040
[2025-04-04 19:05:37,454 | INFO] void HomeWindow::on_playOrPauseBtn_clicked()(L389) OnPlayOrPause call
[2025-04-04 19:05:38,413 | INFO] void HomeWindow::on_playOrPauseBtn_clicked()(L389) OnPlayOrPause call
[2025-04-04 19:05:38,707 | INFO] void HomeWindow::on_playOrPauseBtn_clicked()(L389) OnPlayOrPause call
[2025-04-04 19:05:38,861 | INFO] void HomeWindow::on_playOrPauseBtn_clicked()(L389) OnPlayOrPause call
[2025-04-04 19:05:39,030 | INFO] void HomeWindow::on_playOrPauseBtn_clicked()(L389) OnPlayOrPause call
[2025-04-04 19:05:39,203 | INFO] void HomeWindow::on_playOrPauseBtn_clicked()(L389) OnPlayOrPause call
[2025-04-04 19:10:19,890 | TRACE] int main(int, char**)(L23)  logger
[2025-04-04 19:10:19,890 | INFO] int main(int, char**)(L25) logger test
[2025-04-04 19:10:19,890 | WARNING] int main(int, char**)(L26) logger test
[2025-04-04 19:10:19,890 | ERROR] int main(int, char**)(L27) logger test
[2025-04-04 19:10:20,192 | INFO] void HomeWindow::resizeUI()(L189) width: 1040
